<?xml version="1.0" encoding="utf-8"?><testsuites><testsuite errors="0" failures="1" hostname="thinkerston" name="pytest" skipped="0" tests="7" time="2.051" timestamp="2020-07-22T22:48:15.754122"><testcase classname="test_submit" file="test_submit.py" line="3" name="test_q1" time="0.001"></testcase><testcase classname="test_submit" file="test_submit.py" line="11" name="test_q2" time="0.006"></testcase><testcase classname="test_submit" file="test_submit.py" line="16" name="test_q3" time="0.000"></testcase><testcase classname="test_submit" file="test_submit.py" line="21" name="test_q4" time="0.001"><failure message="assert None == -1.047
  -None
  +-1.047">E   assert None == -1.047
      -None
      +-1.047</failure></testcase><testcase classname="test_submit" file="test_submit.py" line="26" name="test_q5" time="0.010"></testcase><testcase classname="test_submit" file="test_submit.py" line="34" name="test_q6" time="0.542"></testcase><testcase classname="test_submit" file="test_submit.py" line="39" name="test_q7" time="0.558"></testcase></testsuite></testsuites>