<?xml version="1.0" encoding="utf-8"?><testsuites><testsuite errors="0" failures="0" hostname="thinkerston" name="pytest" skipped="0" tests="4" time="1.364" timestamp="2020-07-15T21:51:07.971013"><testcase classname="test_submit" file="test_submit.py" line="3" name="test_q1" time="0.063"></testcase><testcase classname="test_submit" file="test_submit.py" line="8" name="test_q2" time="0.020"></testcase><testcase classname="test_submit" file="test_submit.py" line="13" name="test_q3" time="0.019"></testcase><testcase classname="test_submit" file="test_submit.py" line="18" name="test_q4" time="0.147"></testcase></testsuite></testsuites>